[11:36:47] [main/INFO]: Loading Minecraft 1.21.1 with Fabric Loader 0.17.2
[11:36:48] [main/INFO]: Loading 107 mods:
	- badoptimizations 2.3.0
	- c2me 0.3.0+alpha.0.320+1.21.1
	   |-- c2me-base 0.3.0+alpha.0.320+1.21.1
	   |-- c2me-client-uncapvd 0.3.0+alpha.0.320+1.21.1
	   |-- c2me-fixes-chunkio-threading-issues 0.3.0+alpha.0.320+1.21.1
	   |-- c2me-fixes-general-threading-issues 0.3.0+alpha.0.320+1.21.1
	   |-- c2me-fixes-worldgen-threading-issues 0.3.0+alpha.0.320+1.21.1
	   |-- c2me-fixes-worldgen-vanilla-bugs 0.3.0+alpha.0.320+1.21.1
	   |-- c2me-notickvd 0.3.0+alpha.0.320+1.21.1
	   |-- c2me-opts-allocs 0.3.0+alpha.0.320+1.21.1
	   |-- c2me-opts-chunk-access 0.3.0+alpha.0.320+1.21.1
	   |-- c2me-opts-chunkio 0.3.0+alpha.0.320+1.21.1
	   |-- c2me-opts-dfc 0.3.0+alpha.0.320+1.21.1
	   |-- c2me-opts-math 0.3.0+alpha.0.320+1.21.1
	   |-- c2me-opts-scheduling 0.3.0+alpha.0.320+1.21.1
	   |-- c2me-opts-worldgen-general 0.3.0+alpha.0.320+1.21.1
	   |-- c2me-opts-worldgen-vanilla 0.3.0+alpha.0.320+1.21.1
	   |-- c2me-rewrites-chunk-serializer 0.3.0+alpha.0.320+1.21.1
	   |-- c2me-rewrites-chunk-system 0.3.0+alpha.0.320+1.21.1
	   |-- c2me-rewrites-chunkio 0.3.0+alpha.0.320+1.21.1
	   |-- c2me-server-utils 0.3.0+alpha.0.320+1.21.1
	   |-- c2me-threading-lighting 0.3.0+alpha.0.320+1.21.1
	   |-- com_electronwill_night-config_core 3.6.5
	   |-- com_electronwill_night-config_toml 3.6.5
	   |-- com_ibm_async_asyncutil 0.1.0
	   |-- io_reactivex_rxjava3_rxjava 3.1.8
	   |-- net_objecthunter_exp4j 0.4.8
	   |-- org_jctools_jctools-core 4.0.5
	   \-- org_reactivestreams_reactive-streams 1.0.4
	- chunky 1.4.23
	- cloth-config 15.0.140
	   \-- cloth-basic-math 0.6.1
	- cullleaves 4.0.1
	   \-- midnightlib 1.6.3
	- entityculling 1.8.2
	   |-- transition 1.0.3
	   \-- trender 1.0.5
	- fabric-api 0.116.6+1.21.1
	   |-- fabric-api-base 0.4.42+6573ed8c19
	   |-- fabric-api-lookup-api-v1 1.6.71+b559734419
	   |-- fabric-biome-api-v1 13.0.31+d527f9fd19
	   |-- fabric-block-api-v1 1.1.0+0bc3503219
	   |-- fabric-block-view-api-v2 1.0.11+ebb2264e19
	   |-- fabric-blockrenderlayer-v1 1.1.52+0af3f5a719
	   |-- fabric-client-tags-api-v1 1.1.15+6573ed8c19
	   |-- fabric-command-api-v1 1.2.49+f71b366f19
	   |-- fabric-command-api-v2 2.2.28+6ced4dd919
	   |-- fabric-commands-v0 0.2.66+df3654b319
	   |-- fabric-content-registries-v0 8.0.19+b559734419
	   |-- fabric-convention-tags-v1 2.1.5+7f945d5b19
	   |-- fabric-convention-tags-v2 2.11.1+a406e79519
	   |-- fabric-crash-report-info-v1 0.2.29+0af3f5a719
	   |-- fabric-data-attachment-api-v1 1.4.5+6116a37819
	   |-- fabric-data-generation-api-v1 20.2.33+37516cd619
	   |-- fabric-dimensions-v1 4.0.1+65213ef819
	   |-- fabric-entity-events-v1 1.8.0+2b27e0a419
	   |-- fabric-events-interaction-v0 0.7.13+ba9dae0619
	   |-- fabric-game-rule-api-v1 1.0.53+6ced4dd919
	   |-- fabric-item-api-v1 11.2.0+3b3cb2e819
	   |-- fabric-item-group-api-v1 4.1.7+def88e3a19
	   |-- fabric-key-binding-api-v1 1.0.47+0af3f5a719
	   |-- fabric-keybindings-v0 0.2.45+df3654b319
	   |-- fabric-lifecycle-events-v1 2.6.0+0865547519
	   |-- fabric-loot-api-v2 3.0.15+3f89f5a519
	   |-- fabric-loot-api-v3 1.0.3+3f89f5a519
	   |-- fabric-message-api-v1 6.0.14+8aaf3aca19
	   |-- fabric-model-loading-api-v1 2.1.0+b4d813fc19
	   |-- fabric-networking-api-v1 4.3.0+c7469b2119
	   |-- fabric-object-builder-api-v1 15.2.1+40875a9319
	   |-- fabric-particles-v1 4.0.2+6573ed8c19
	   |-- fabric-recipe-api-v1 5.0.14+248df81c19
	   |-- fabric-registry-sync-v0 5.3.1+e3eddc2119
	   |-- fabric-renderer-api-v1 3.4.1+b4d813fc19
	   |-- fabric-renderer-indigo 1.7.1+c705a49c19
	   |-- fabric-renderer-registries-v1 3.2.69+df3654b319
	   |-- fabric-rendering-data-attachment-v1 0.3.49+73761d2e19
	   |-- fabric-rendering-fluids-v1 3.1.6+1daea21519
	   |-- fabric-rendering-v0 1.1.72+df3654b319
	   |-- fabric-rendering-v1 5.1.0+ab4c25a019
	   |-- fabric-resource-conditions-api-v1 4.3.0+8dc279b119
	   |-- fabric-resource-loader-v0 1.3.1+5b5275af19
	   |-- fabric-screen-api-v1 2.0.25+8b68f1c719
	   |-- fabric-screen-handler-api-v1 1.3.90+b559734419
	   |-- fabric-sound-api-v1 1.0.23+6573ed8c19
	   |-- fabric-transfer-api-v1 5.4.3+c24bd99419
	   \-- fabric-transitive-access-wideners-v1 6.2.0+45b9699719
	- fabricloader 0.17.2
	   \-- mixinextras 0.5.0
	- ferritecore 7.0.2-hotfix
	- immediatelyfast 1.6.6+1.21.1
	   \-- net_lenni0451_reflect 1.3.4
	- iris 1.8.8+mc1.21.1
	   |-- io_github_douira_glsl-transformer 2.0.1
	   |-- org_anarres_jcpp 1.4.14
	   \-- org_antlr_antlr4-runtime 4.13.1
	- java 21
	- lithium 0.15.0+mc1.21.1
	- minecraft 1.21.1
	- modernfix 5.24.3+mc1.21.1
	- modmenu 11.0.3
	- moreculling 1.0.6
	   |-- conditional-mixin 0.6.3
	   \-- mixinsquared 0.2.0
	- placeholder-api 2.4.2+1.21
	- reeses-sodium-options 1.8.3+mc1.21.4
	- sodium 0.6.13+mc1.21.1
	- sodium-extra 0.6.0+mc1.21.1
[11:36:49] [main/INFO]: SpongePowered MIXIN Subsystem Version=0.8.7 Source=file:/C:/Users/aayan/AppData/Roaming/.minecraft/libraries/net/fabricmc/sponge-mixin/0.16.3+mixin.0.8.7/sponge-mixin-0.16.3+mixin.0.8.7.jar Service=Knot/Fabric Env=CLIENT
[11:36:49] [main/INFO]: Compatibility level set to JAVA_17
[11:36:49] [main/INFO]: Compatibility level set to JAVA_21
[11:36:49] [main/INFO]: Config version: 4
[11:36:49] [main/INFO]: BadOptimizations config dump:
[11:36:49] [main/INFO]: enable_toast_optimizations: true
[11:36:49] [main/INFO]: ignore_mod_incompatibilities: false
[11:36:49] [main/INFO]: lightmap_time_change_needed_for_update: 80
[11:36:49] [main/INFO]: enable_lightmap_caching: true
[11:36:49] [main/INFO]: enable_particle_manager_optimization: true
[11:36:49] [main/INFO]: enable_entity_renderer_caching: true
[11:36:49] [main/INFO]: log_config: true
[11:36:49] [main/INFO]: enable_remove_redundant_fov_calculations: true
[11:36:49] [main/INFO]: config_version: 4
[11:36:49] [main/INFO]: enable_sky_angle_caching_in_worldrenderer: true
[11:36:49] [main/INFO]: enable_block_entity_renderer_caching: true
[11:36:49] [main/INFO]: skycolor_time_change_needed_for_update: 3
[11:36:49] [main/INFO]: enable_entity_flag_caching: true
[11:36:49] [main/INFO]: enable_debug_renderer_disable_if_not_needed: true
[11:36:49] [main/INFO]: enable_sky_color_caching: true
[11:36:49] [main/INFO]: enable_remove_tutorial_if_not_demo: true
[11:36:49] [main/INFO]: show_f3_text: true
[11:36:50] [main/INFO]: Initializing com.ishland.c2me.base.mixin
[11:36:50] [main/INFO]: Global Executor Parallelism: 1 configured, 1 evaluated, 1 default evaluated
[11:36:50] [main/INFO]: Initializing com.ishland.c2me.client.uncapvd.mixin
[11:36:50] [main/INFO]: Initializing com.ishland.c2me.fixes.chunkio.threading_issues.mixin
[11:36:50] [main/INFO]: Initializing com.ishland.c2me.fixes.general.threading_issues.mixin
[11:36:50] [main/INFO]: Initializing com.ishland.c2me.fixes.worldgen.threading_issues.mixin
[11:36:50] [main/INFO]: Initializing com.ishland.c2me.fixes.worldgen.vanilla_bugs.mixin
[11:36:50] [main/INFO]: Initializing com.ishland.c2me.notickvd.mixin
[11:36:50] [main/INFO]: Initializing com.ishland.c2me.opts.allocs.mixin
[11:36:50] [main/INFO]: Initializing com.ishland.c2me.opts.chunk_access.mixin
[11:36:50] [main/INFO]: Initializing com.ishland.c2me.opts.chunkio.mixin
[11:36:50] [main/INFO]: Initializing com.ishland.c2me.opts.dfc.mixin
[11:36:50] [main/INFO]: Disabling com.ishland.c2me.opts.dfc.mixin
[11:36:50] [main/INFO]: Initializing com.ishland.c2me.opts.math.mixin
[11:36:50] [main/INFO]: Initializing com.ishland.c2me.opts.scheduling.mixin
[11:36:50] [main/INFO]: Initializing com.ishland.c2me.opts.worldgen.general.mixin
[11:36:50] [main/INFO]: Initializing com.ishland.c2me.opts.worldgen.vanilla.mixin
[11:36:50] [main/INFO]: Initializing com.ishland.c2me.rewrites.chunk_serializer.mixin
[11:36:50] [main/INFO]: Disabling com.ishland.c2me.rewrites.chunk_serializer.mixin
[11:36:50] [main/INFO]: Initializing com.ishland.c2me.rewrites.chunksystem.mixin
[11:36:50] [main/INFO]: Initializing com.ishland.c2me.rewrites.chunkio.mixin
[11:36:50] [main/INFO]: Initializing com.ishland.c2me.server.utils.mixin
[11:36:50] [main/INFO]: Initializing com.ishland.c2me.threading.lighting.mixin
[11:36:50] [main/WARN]: Mod 'ferritecore' attempted to override option 'mixin.alloc.blockstate', which doesn't exist, ignoring
[11:36:50] [main/INFO]: Option 'mixin.entity.collisions.fluid' requires 'mixin.util.block_tracking=true' but found 'false'. Setting 'mixin.entity.collisions.fluid=false'.
[11:36:50] [main/INFO]: Option 'mixin.experimental.entity.block_caching.block_support' requires 'mixin.util.block_tracking=true' but found 'false'. Setting 'mixin.experimental.entity.block_caching.block_support=false'.
[11:36:50] [main/INFO]: Option 'mixin.experimental.entity.block_caching.fluid_pushing' requires 'mixin.util.block_tracking=true' but found 'false'. Setting 'mixin.experimental.entity.block_caching.fluid_pushing=false'.
[11:36:50] [main/INFO]: Option 'mixin.experimental.entity.block_caching.block_touching' requires 'mixin.util.block_tracking=true' but found 'false'. Setting 'mixin.experimental.entity.block_caching.block_touching=false'.
[11:36:50] [main/INFO]: Option 'mixin.experimental.entity.block_caching.suffocation' requires 'mixin.util.block_tracking=true' but found 'false'. Setting 'mixin.experimental.entity.block_caching.suffocation=false'.
[11:36:50] [main/INFO]: Option 'mixin.experimental.entity.block_caching' requires 'mixin.util.block_tracking=true' but found 'false'. Setting 'mixin.experimental.entity.block_caching=false'.
[11:36:50] [main/INFO]: Loaded configuration file for Lithium: 149 options available, 0 override(s) found
[11:36:51] [main/INFO]: Loaded configuration file for ModernFix 5.24.3+mc1.21.1: 64 options available, 3 override(s) found
[11:36:51] [main/WARN]: Option 'mixin.bugfix.paper_chunk_patches' overriden (by mods [c2me]) to 'false'
[11:36:51] [main/WARN]: Option 'mixin.perf.cache_strongholds' overriden (by mods [c2me]) to 'false'
[11:36:51] [main/WARN]: Option 'mixin.bugfix.chunk_deadlock' overriden (by mods [c2me]) to 'false'
[11:36:51] [main/INFO]: Applying Nashorn fix
[11:36:51] [main/INFO]: Loaded configuration file for Sodium: 43 options available, 1 override(s) found
[11:36:51] [main/INFO]: Loaded configuration file for Sodium Extra: 36 options available, 0 override(s) found
[11:36:51] [main/WARN]: Error loading class: me/jellysquid/mods/sodium/client/gui/SodiumGameOptionPages (java.lang.ClassNotFoundException: me/jellysquid/mods/sodium/client/gui/SodiumGameOptionPages)
[11:36:51] [main/WARN]: Error loading class: net/caffeinemc/sodium/config/user/UserConfigCategories (java.lang.ClassNotFoundException: net/caffeinemc/sodium/config/user/UserConfigCategories)
[11:36:51] [main/WARN]: Error loading class: net/vulkanmod/config/option/Options (java.lang.ClassNotFoundException: net/vulkanmod/config/option/Options)
[11:36:52] [main/WARN]: Error loading class: ca/spottedleaf/starlight/common/thread/SchedulingUtil (java.lang.ClassNotFoundException: ca/spottedleaf/starlight/common/thread/SchedulingUtil)
[11:36:53] [main/WARN]: Force-disabling mixin 'features.render.world.sky.FogRendererMixin' as rule 'mixin.features.render.world.sky' (added by mods [iris]) disables it and children
[11:36:53] [main/WARN]: Force-disabling mixin 'features.render.world.sky.ClientLevelMixin' as rule 'mixin.features.render.world.sky' (added by mods [iris]) disables it and children
[11:36:53] [main/WARN]: Force-disabling mixin 'features.render.world.sky.LevelRendererMixin' as rule 'mixin.features.render.world.sky' (added by mods [iris]) disables it and children
[11:36:53] [main/WARN]: Error loading class: me/jellysquid/mods/sodium/client/gui/SodiumGameOptionPages (java.lang.ClassNotFoundException: me/jellysquid/mods/sodium/client/gui/SodiumGameOptionPages)
[11:36:53] [main/WARN]: Error loading class: net/caffeinemc/sodium/config/user/UserConfigCategories (java.lang.ClassNotFoundException: net/caffeinemc/sodium/config/user/UserConfigCategories)
[11:36:53] [main/WARN]: Error loading class: me/jellysquid/mods/sodium/client/gui/SodiumGameOptionPages (java.lang.ClassNotFoundException: me/jellysquid/mods/sodium/client/gui/SodiumGameOptionPages)
[11:36:53] [main/WARN]: Error loading class: net/caffeinemc/sodium/config/user/UserConfigCategories (java.lang.ClassNotFoundException: net/caffeinemc/sodium/config/user/UserConfigCategories)
[11:36:53] [main/INFO]: Searching for graphics cards...
[11:36:54] [main/INFO]: Found graphics adapter: AdapterInfo{vendor=INTEL, description='Intel(R) Iris(R) Xe Graphics', adapterType=0x0000232B, openglIcdFilePath='C:\Windows\System32\DriverStore\FileRepository\iigd_dch.inf_amd64_189ed46b2c5eef09\igxelpicd64.dll', openglIcdVersion=32.0.101.6987}
[11:36:55] [main/INFO]: Initializing MixinExtras via com.llamalad7.mixinextras.service.MixinExtrasServiceImpl(version=0.5.0).
[11:36:58] [Datafixer Bootstrap/INFO]: 226 Datafixer optimizations took 1126 milliseconds
[11:37:04] [main/WARN]: Method overwrite conflict for method_21740 in modernfix-common.mixins.json:perf.remove_biome_temperature_cache.BiomeMixin from mod modernfix, previously written by net.caffeinemc.mods.lithium.mixin.world.temperature_cache.BiomeMixin. Skipping method.
[11:37:13] [main/INFO]: Vanilla bootstrap took 13197 milliseconds
[11:37:14] [Render thread/INFO]: Environment: Environment[sessionHost=https://sessionserver.mojang.com, servicesHost=https://api.minecraftservices.com, name=PROD]
[11:37:14] [Render thread/INFO]: Setting user: GamerAlti
[11:37:16] [Render thread/INFO]: [Indigo] Different rendering plugin detected; not applying Indigo.
[11:37:16] [Render thread/INFO]: Checking mod updates...
[11:37:19] [Render thread/INFO]: [STDOUT]: [LibGui] Initializing Client...
[11:37:20] [Render thread/INFO]: Backend library: LWJGL version 3.3.3-snapshot
[11:37:22] [Render thread/INFO]: OpenGL Vendor: Intel
[11:37:22] [Render thread/INFO]: OpenGL Renderer: Intel(R) Iris(R) Xe Graphics
[11:37:22] [Render thread/INFO]: OpenGL Version: 3.2.0 - Build 32.0.101.6987
[11:37:22] [Render thread/INFO]: Initializing ImmediatelyFast 1.6.6+1.21.1 on Intel(R) Iris(R) Xe Graphics (Intel) with OpenGL 3.2.0 - Build 32.0.101.6987
[11:37:22] [Render thread/INFO]: Found Iris/Oculus 1.8.8+mc1.21.1. Enabling compatibility.
[11:37:22] [Render thread/INFO]: Debug functionality is disabled.
[11:37:22] [Render thread/INFO]: ARB_direct_state_access detected, enabling DSA.
[11:37:22] [Render thread/INFO]: Shaders are disabled because no valid shaderpack is selected
[11:37:24] [ForkJoinPool.commonPool-worker-1/WARN]: [Iris Update Check] This version doesn't have an update index, skipping.
[11:37:24] [Render thread/INFO]: Hardware information:
[11:37:24] [Render thread/INFO]: CPU: 8x 11th Gen Intel(R) Core(TM) i5-11300H @ 3.10GHz
[11:37:24] [Render thread/INFO]: GPU: Intel(R) Iris(R) Xe Graphics (Supports OpenGL 3.2.0 - Build 32.0.101.6987)
[11:37:24] [Render thread/INFO]: OS: Windows 11 (10.0)
[11:37:25] [Render thread/INFO]: Reloading ResourceManager: vanilla, fabric, badoptimizations, c2me, chunky, cloth-config, conditional-mixin, cullleaves, entityculling, fabric-api, fabric-api-base, fabric-api-lookup-api-v1, fabric-biome-api-v1, fabric-block-api-v1, fabric-block-view-api-v2, fabric-blockrenderlayer-v1, fabric-client-tags-api-v1, fabric-command-api-v1, fabric-command-api-v2, fabric-commands-v0, fabric-content-registries-v0, fabric-convention-tags-v1, fabric-convention-tags-v2, fabric-crash-report-info-v1, fabric-data-attachment-api-v1, fabric-data-generation-api-v1, fabric-dimensions-v1, fabric-entity-events-v1, fabric-events-interaction-v0, fabric-game-rule-api-v1, fabric-item-api-v1, fabric-item-group-api-v1, fabric-key-binding-api-v1, fabric-keybindings-v0, fabric-lifecycle-events-v1, fabric-loot-api-v2, fabric-loot-api-v3, fabric-message-api-v1, fabric-model-loading-api-v1, fabric-networking-api-v1, fabric-object-builder-api-v1, fabric-particles-v1, fabric-recipe-api-v1, fabric-registry-sync-v0, fabric-renderer-api-v1, fabric-renderer-indigo, fabric-renderer-registries-v1, fabric-rendering-data-attachment-v1, fabric-rendering-fluids-v1, fabric-rendering-v0, fabric-rendering-v1, fabric-resource-conditions-api-v1, fabric-resource-loader-v0, fabric-screen-api-v1, fabric-screen-handler-api-v1, fabric-sound-api-v1, fabric-transfer-api-v1, fabric-transitive-access-wideners-v1, fabricloader, immediatelyfast, iris, lithium, midnightlib, modernfix, modmenu, moreculling, placeholder-api, reeses-sodium-options, sodium, sodium-extra, trender
[11:37:25] [Render thread/INFO]: Cached all modded block culling states
[11:37:25] [Worker-ResourceReload-4/INFO]: Found unifont_all_no_pua-15.1.05.hex, loading
[11:37:26] [Worker-ResourceReload-0/INFO]: Found unifont_jp_patch-15.1.05.hex, loading
[11:37:31] [Render thread/WARN]: Missing sound for event: minecraft:item.goat_horn.play
[11:37:31] [Render thread/WARN]: Missing sound for event: minecraft:entity.goat.screaming.horn_break
[11:37:32] [Render thread/INFO]: OpenAL initialized on device OpenAL Soft on Speakers (Realtek(R) Audio)
[11:37:32] [Render thread/INFO]: Sound engine started
[11:37:32] [Render thread/INFO]: Created: 1024x512x0 minecraft:textures/atlas/blocks.png-atlas
[11:37:32] [Render thread/INFO]: Created: 256x256x0 minecraft:textures/atlas/signs.png-atlas
[11:37:32] [Render thread/INFO]: Created: 512x512x0 minecraft:textures/atlas/banner_patterns.png-atlas
[11:37:32] [Render thread/INFO]: Created: 512x512x0 minecraft:textures/atlas/shield_patterns.png-atlas
[11:37:32] [Render thread/INFO]: Created: 1024x1024x0 minecraft:textures/atlas/armor_trims.png-atlas
[11:37:32] [Render thread/INFO]: Created: 256x256x0 minecraft:textures/atlas/chest.png-atlas
[11:37:32] [Render thread/INFO]: Created: 128x64x0 minecraft:textures/atlas/decorated_pot.png-atlas
[11:37:32] [Render thread/INFO]: Created: 512x256x0 minecraft:textures/atlas/beds.png-atlas
[11:37:32] [Render thread/INFO]: Created: 512x256x0 minecraft:textures/atlas/shulker_boxes.png-atlas
[11:37:33] [Render thread/INFO]: Created: 512x256x0 minecraft:textures/atlas/particles.png-atlas
[11:37:33] [Render thread/INFO]: Created: 512x256x0 minecraft:textures/atlas/paintings.png-atlas
[11:37:33] [Render thread/INFO]: Created: 256x128x0 minecraft:textures/atlas/mob_effects.png-atlas
[11:37:33] [Render thread/INFO]: Created: 64x64x0 minecraft:textures/atlas/map_decorations.png-atlas
[11:37:33] [Render thread/INFO]: Created: 1024x512x0 minecraft:textures/atlas/gui.png-atlas
[11:37:33] [Render thread/WARN]: Shader rendertype_entity_translucent_emissive could not find sampler named Sampler2 in the specified shader program.
[11:37:33] [Render thread/INFO]: Creating pipeline for dimension minecraft:overworld
[11:37:35] [Render thread/WARN]: Game took 53.541 seconds to start
[11:37:36] [IO-Worker-1/INFO]: Could not authorize you against Realms server: java.lang.RuntimeException: Failed to parse into SignedJWT: d48bf0f03210411ab82363de590aa8ec
[11:37:36] [IO-Worker-1/ERROR]: Couldn't connect to realms
net.minecraft.class_4355: Realms authentication error with message 'java.lang.RuntimeException: Failed to parse into SignedJWT: d48bf0f03210411ab82363de590aa8ec'
	at knot/net.minecraft.class_4341.method_20998(class_4341.java:447) ~[client-intermediary.jar:?]
	at knot/net.minecraft.class_4341.method_21027(class_4341.java:232) ~[client-intermediary.jar:?]
	at knot/net.minecraft.class_8647.method_52627(class_8647.java:51) ~[client-intermediary.jar:?]
	at java.base/java.util.concurrent.CompletableFuture$AsyncSupply.run(CompletableFuture.java:1768) ~[?:?]
	at java.base/java.util.concurrent.ThreadPoolExecutor.runWorker(ThreadPoolExecutor.java:1144) ~[?:?]
	at java.base/java.util.concurrent.ThreadPoolExecutor$Worker.run(ThreadPoolExecutor.java:642) ~[?:?]
	at java.base/java.lang.Thread.run(Thread.java:1583) [?:?]
